Using pre-set license
Built from '2020.3/staging' branch; Version is '2020.3.4f1 (0abb6314276a) revision 703331'; Using compiler version '192528614'; Build Type 'Release'
OS: 'Windows 10 Pro; OS build 19042.1110; Version 2009; 64bit' Language: 'en' Physical Memory: 16260 MB
BatchMode: 1, IsHumanControllingUs: 0, StartBugReporterOnCrash: 0, Is64bit: 1, IsPro: 0

 COMMAND LINE ARGUMENTS:
C:\Program Files\Unity\Hub\Editor\2020.3.4f1\Editor\Unity.exe
-adb2
-batchMode
-noUpm
-name
AssetImportWorker0
-projectPath
C:/Users/Gopalakrishnareddy/FPS and TPS Game
-logFile
Logs/AssetImportWorker0.log
-srvPort
58052
Successfully changed project path to: C:/Users/Gopalakrishnareddy/FPS and TPS Game
C:/Users/Gopalakrishnareddy/FPS and TPS Game
Using Asset Import Pipeline V2.
Refreshing native plugins compatible for Editor in 27.98 ms, found 0 plugins.
Preloading 0 native plugins for Editor in 0.00 ms.
Initialize engine version: 2020.3.4f1 (0abb6314276a)
[Subsystems] Discovering subsystems at path C:/Program Files/Unity/Hub/Editor/2020.3.4f1/Editor/Data/Resources/UnitySubsystems
[Subsystems] Discovering subsystems at path C:/Users/Gopalakrishnareddy/FPS and TPS Game/Assets
GfxDevice: creating device client; threaded=0
Direct3D:
    Version:  Direct3D 11.0 [level 11.1]
    Renderer: Intel(R) UHD Graphics 620 (ID=0x3ea0)
    Vendor:   
    VRAM:     8130 MB
    Driver:   27.20.100.8935
Initialize mono
Mono path[0] = 'C:/Program Files/Unity/Hub/Editor/2020.3.4f1/Editor/Data/Managed'
Mono path[1] = 'C:/Program Files/Unity/Hub/Editor/2020.3.4f1/Editor/Data/MonoBleedingEdge/lib/mono/unityjit'
Mono config path = 'C:/Program Files/Unity/Hub/Editor/2020.3.4f1/Editor/Data/MonoBleedingEdge/etc'
Using monoOptions --debugger-agent=transport=dt_socket,embedding=1,server=y,suspend=n,address=127.0.0.1:56456
Begin MonoManager ReloadAssembly
Registering precompiled unity dll's ...
Register platform support module: C:/Program Files/Unity/Hub/Editor/2020.3.4f1/Editor/Data/PlaybackEngines/WindowsStandaloneSupport/UnityEditor.WindowsStandalone.Extensions.dll
Registered in 0.001648 seconds.
Native extension for WindowsStandalone target not found
Refreshing native plugins compatible for Editor in 33.88 ms, found 0 plugins.
Preloading 0 native plugins for Editor in 0.00 ms.
Mono: successfully reloaded assembly
- Completed reload, in  1.850 seconds
Platform modules already initialized, skipping
Registering precompiled user dll's ...
Registered in 0.000700 seconds.
Begin MonoManager ReloadAssembly
Native extension for WindowsStandalone target not found
Refreshing native plugins compatible for Editor in 0.30 ms, found 0 plugins.
Preloading 0 native plugins for Editor in 0.00 ms.
Mono: successfully reloaded assembly
- Completed reload, in  0.854 seconds
Platform modules already initialized, skipping
========================================================================
Worker process is ready to serve import requests
Launched and connected shader compiler UnityShaderCompiler.exe after 0.04 seconds
Refreshing native plugins compatible for Editor in 0.27 ms, found 0 plugins.
Preloading 0 native plugins for Editor in 0.00 ms.
Unloading 1131 Unused Serialized files (Serialized files now loaded: 0)
System memory in use before: 72.5 MB.
System memory in use after: 72.6 MB.

Unloading 10 unused Assets to reduce memory usage. Loaded Objects now: 1607.
Total: 1.765200 ms (FindLiveObjects: 0.135700 ms CreateObjectMapping: 0.029000 ms MarkObjects: 1.510400 ms  DeleteObjects: 0.088900 ms)

========================================================================
Received Import Request.
  path: Assets/Scenes/Level-1.unity
  artifactKey: Guid(9fc0d4010bbf28b4594072e72b8655ab) Importer(815301076,1909f56bfc062723c751e8b465ee728b)
Start importing Assets/Scenes/Level-1.unity using Guid(9fc0d4010bbf28b4594072e72b8655ab) Importer(815301076,1909f56bfc062723c751e8b465ee728b)  -> (artifact id: 'cb28ef0894ef6281c898ca2bb16c1f08') in 0.014589 seconds
  Import took 0.016734 seconds .

========================================================================
Received Prepare
Registering precompiled user dll's ...
Registered in 0.000695 seconds.
Begin MonoManager ReloadAssembly
Native extension for WindowsStandalone target not found
Refreshing native plugins compatible for Editor in 0.23 ms, found 0 plugins.
Preloading 0 native plugins for Editor in 0.00 ms.
Mono: successfully reloaded assembly
- Completed reload, in  0.771 seconds
Platform modules already initialized, skipping
Refreshing native plugins compatible for Editor in 0.38 ms, found 0 plugins.
Preloading 0 native plugins for Editor in 0.00 ms.
Unloading 1124 Unused Serialized files (Serialized files now loaded: 0)
System memory in use before: 72.3 MB.
System memory in use after: 72.3 MB.

Unloading 5 unused Assets to reduce memory usage. Loaded Objects now: 1610.
Total: 2.077300 ms (FindLiveObjects: 0.157700 ms CreateObjectMapping: 0.049700 ms MarkObjects: 1.762700 ms  DeleteObjects: 0.105800 ms)

========================================================================
Received Import Request.
  Time since last request: 1010.681047 seconds.
  path: Assets/Scenes/Level-2.unity
  artifactKey: Guid(4d673cf39222f0849ae54d65bf59d2aa) Importer(815301076,1909f56bfc062723c751e8b465ee728b)
Start importing Assets/Scenes/Level-2.unity using Guid(4d673cf39222f0849ae54d65bf59d2aa) Importer(815301076,1909f56bfc062723c751e8b465ee728b)  -> (artifact id: 'c562d0c1ac794b190633782c0c1a70a3') in 0.015095 seconds
  Import took 0.017019 seconds .

========================================================================
Received Prepare
Registering precompiled user dll's ...
Registered in 0.000763 seconds.
Begin MonoManager ReloadAssembly
Native extension for WindowsStandalone target not found
Refreshing native plugins compatible for Editor in 0.25 ms, found 0 plugins.
Preloading 0 native plugins for Editor in 0.00 ms.
Mono: successfully reloaded assembly
- Completed reload, in  0.999 seconds
Platform modules already initialized, skipping
Refreshing native plugins compatible for Editor in 0.25 ms, found 0 plugins.
Preloading 0 native plugins for Editor in 0.00 ms.
Unloading 1124 Unused Serialized files (Serialized files now loaded: 0)
System memory in use before: 72.3 MB.
System memory in use after: 72.4 MB.

Unloading 5 unused Assets to reduce memory usage. Loaded Objects now: 1613.
Total: 1.827000 ms (FindLiveObjects: 0.136900 ms CreateObjectMapping: 0.040400 ms MarkObjects: 1.554400 ms  DeleteObjects: 0.094000 ms)

========================================================================
Received Prepare
Registering precompiled user dll's ...
Registered in 0.001365 seconds.
Begin MonoManager ReloadAssembly
Native extension for WindowsStandalone target not found
Refreshing native plugins compatible for Editor in 0.51 ms, found 0 plugins.
Preloading 0 native plugins for Editor in 0.00 ms.
Mono: successfully reloaded assembly
- Completed reload, in  2.711 seconds
Platform modules already initialized, skipping
Refreshing native plugins compatible for Editor in 0.50 ms, found 0 plugins.
Preloading 0 native plugins for Editor in 0.00 ms.
Unloading 1124 Unused Serialized files (Serialized files now loaded: 0)
System memory in use before: 72.3 MB.
System memory in use after: 72.4 MB.

Unloading 5 unused Assets to reduce memory usage. Loaded Objects now: 1616.
Total: 3.169900 ms (FindLiveObjects: 0.215400 ms CreateObjectMapping: 0.064600 ms MarkObjects: 2.751300 ms  DeleteObjects: 0.135800 ms)

========================================================================
Received Prepare
Registering precompiled user dll's ...
Registered in 0.001413 seconds.
Begin MonoManager ReloadAssembly
Native extension for WindowsStandalone target not found
Refreshing native plugins compatible for Editor in 0.53 ms, found 0 plugins.
Preloading 0 native plugins for Editor in 0.00 ms.
Mono: successfully reloaded assembly
- Completed reload, in  1.305 seconds
Platform modules already initialized, skipping
Refreshing native plugins compatible for Editor in 0.29 ms, found 0 plugins.
Preloading 0 native plugins for Editor in 0.00 ms.
Unloading 1124 Unused Serialized files (Serialized files now loaded: 0)
System memory in use before: 72.3 MB.
System memory in use after: 72.4 MB.

Unloading 5 unused Assets to reduce memory usage. Loaded Objects now: 1619.
Total: 2.224700 ms (FindLiveObjects: 0.178300 ms CreateObjectMapping: 0.049800 ms MarkObjects: 1.906000 ms  DeleteObjects: 0.089100 ms)

========================================================================
Received Prepare
Registering precompiled user dll's ...
Registered in 0.001018 seconds.
Begin MonoManager ReloadAssembly
Native extension for WindowsStandalone target not found
Refreshing native plugins compatible for Editor in 0.30 ms, found 0 plugins.
Preloading 0 native plugins for Editor in 0.00 ms.
Mono: successfully reloaded assembly
- Completed reload, in  1.232 seconds
Platform modules already initialized, skipping
Refreshing native plugins compatible for Editor in 0.48 ms, found 0 plugins.
Preloading 0 native plugins for Editor in 0.00 ms.
Unloading 1124 Unused Serialized files (Serialized files now loaded: 0)
System memory in use before: 72.3 MB.
System memory in use after: 72.4 MB.

Unloading 5 unused Assets to reduce memory usage. Loaded Objects now: 1622.
Total: 2.490400 ms (FindLiveObjects: 0.236800 ms CreateObjectMapping: 0.095200 ms MarkObjects: 2.029000 ms  DeleteObjects: 0.127700 ms)

========================================================================
Received Import Request.
  Time since last request: 2031.954687 seconds.
  path: Assets/Scripts/EnemyController.cs
  artifactKey: Guid(879f21b34934ade4e91cfec5446ba5c7) Importer(815301076,1909f56bfc062723c751e8b465ee728b)
Start importing Assets/Scripts/EnemyController.cs using Guid(879f21b34934ade4e91cfec5446ba5c7) Importer(815301076,1909f56bfc062723c751e8b465ee728b)  -> (artifact id: '9e3ac6a155463812425de0e69feac0bb') in 0.060076 seconds
  Import took 0.063556 seconds .

========================================================================
Received Prepare
Registering precompiled user dll's ...
Registered in 0.001305 seconds.
Begin MonoManager ReloadAssembly
Native extension for WindowsStandalone target not found
Refreshing native plugins compatible for Editor in 0.30 ms, found 0 plugins.
Preloading 0 native plugins for Editor in 0.00 ms.
Mono: successfully reloaded assembly
- Completed reload, in  1.310 seconds
Platform modules already initialized, skipping
Refreshing native plugins compatible for Editor in 0.35 ms, found 0 plugins.
Preloading 0 native plugins for Editor in 0.00 ms.
Unloading 1124 Unused Serialized files (Serialized files now loaded: 0)
System memory in use before: 72.3 MB.
System memory in use after: 72.4 MB.

Unloading 5 unused Assets to reduce memory usage. Loaded Objects now: 1625.
Total: 2.693700 ms (FindLiveObjects: 0.260400 ms CreateObjectMapping: 0.084900 ms MarkObjects: 2.220800 ms  DeleteObjects: 0.125800 ms)

========================================================================
Received Import Request.
  Time since last request: 245.328621 seconds.
  path: Assets/Scripts/EnemyController.cs
  artifactKey: Guid(879f21b34934ade4e91cfec5446ba5c7) Importer(815301076,1909f56bfc062723c751e8b465ee728b)
Start importing Assets/Scripts/EnemyController.cs using Guid(879f21b34934ade4e91cfec5446ba5c7) Importer(815301076,1909f56bfc062723c751e8b465ee728b)  -> (artifact id: '95090676ed9c1ddb19c708df85c08b88') in 0.006287 seconds
  Import took 0.009417 seconds .

========================================================================
Received Import Request.
  Time since last request: 2.656763 seconds.
  path: Assets/Scripts/EnemyController.cs
  artifactKey: Guid(879f21b34934ade4e91cfec5446ba5c7) Importer(815301076,1909f56bfc062723c751e8b465ee728b)
Start importing Assets/Scripts/EnemyController.cs using Guid(879f21b34934ade4e91cfec5446ba5c7) Importer(815301076,1909f56bfc062723c751e8b465ee728b)  -> (artifact id: '95090676ed9c1ddb19c708df85c08b88') in 0.003067 seconds
  Import took 0.006287 seconds .

========================================================================
Received Prepare
Registering precompiled user dll's ...
Registered in 0.000944 seconds.
Begin MonoManager ReloadAssembly
Native extension for WindowsStandalone target not found
Refreshing native plugins compatible for Editor in 0.41 ms, found 0 plugins.
Preloading 0 native plugins for Editor in 0.00 ms.
Mono: successfully reloaded assembly
- Completed reload, in  1.761 seconds
Platform modules already initialized, skipping
Refreshing native plugins compatible for Editor in 0.63 ms, found 0 plugins.
Preloading 0 native plugins for Editor in 0.00 ms.
Unloading 1124 Unused Serialized files (Serialized files now loaded: 0)
System memory in use before: 72.4 MB.
System memory in use after: 72.4 MB.

Unloading 5 unused Assets to reduce memory usage. Loaded Objects now: 1628.
Total: 3.797000 ms (FindLiveObjects: 0.260000 ms CreateObjectMapping: 0.074200 ms MarkObjects: 3.334800 ms  DeleteObjects: 0.125500 ms)

========================================================================
Received Import Request.
  Time since last request: 54.539738 seconds.
  path: Assets/gun-bot-with-walk-and-idle-animation/source/cc8b74aeda164d6a8f58b0d5e5e40349.fbx.fbx
  artifactKey: Guid(264bf0edf708e3b4facb796136d7fa39) Importer(815301076,1909f56bfc062723c751e8b465ee728b)
Start importing Assets/gun-bot-with-walk-and-idle-animation/source/cc8b74aeda164d6a8f58b0d5e5e40349.fbx.fbx using Guid(264bf0edf708e3b4facb796136d7fa39) Importer(815301076,1909f56bfc062723c751e8b465ee728b)  -> (artifact id: '59ef0c3dc9076399f3092d8118035bcb') in 0.677492 seconds
  Import took 0.699476 seconds .

========================================================================
Received Prepare
Registering precompiled user dll's ...
Registered in 0.001296 seconds.
Begin MonoManager ReloadAssembly
Native extension for WindowsStandalone target not found
Refreshing native plugins compatible for Editor in 0.37 ms, found 0 plugins.
Preloading 0 native plugins for Editor in 0.00 ms.
Mono: successfully reloaded assembly
- Completed reload, in  1.325 seconds
Platform modules already initialized, skipping
Refreshing native plugins compatible for Editor in 0.47 ms, found 0 plugins.
Preloading 0 native plugins for Editor in 0.00 ms.
Unloading 1124 Unused Serialized files (Serialized files now loaded: 0)
System memory in use before: 89.4 MB.
System memory in use after: 89.5 MB.

Unloading 5 unused Assets to reduce memory usage. Loaded Objects now: 1675.
Total: 3.340600 ms (FindLiveObjects: 0.266300 ms CreateObjectMapping: 0.081800 ms MarkObjects: 2.884000 ms  DeleteObjects: 0.106400 ms)

========================================================================
Received Prepare
Registering precompiled user dll's ...
Registered in 0.001476 seconds.
Begin MonoManager ReloadAssembly
Native extension for WindowsStandalone target not found
Refreshing native plugins compatible for Editor in 0.52 ms, found 0 plugins.
Preloading 0 native plugins for Editor in 0.00 ms.
Mono: successfully reloaded assembly
- Completed reload, in  1.807 seconds
Platform modules already initialized, skipping
Refreshing native plugins compatible for Editor in 0.56 ms, found 0 plugins.
Preloading 0 native plugins for Editor in 0.00 ms.
Unloading 1124 Unused Serialized files (Serialized files now loaded: 0)
System memory in use before: 89.4 MB.
System memory in use after: 89.5 MB.

Unloading 5 unused Assets to reduce memory usage. Loaded Objects now: 1678.
Total: 3.873700 ms (FindLiveObjects: 0.434800 ms CreateObjectMapping: 0.122400 ms MarkObjects: 3.177300 ms  DeleteObjects: 0.136600 ms)

========================================================================
Received Prepare
Registering precompiled user dll's ...
Registered in 0.001243 seconds.
Begin MonoManager ReloadAssembly
Native extension for WindowsStandalone target not found
Refreshing native plugins compatible for Editor in 0.49 ms, found 0 plugins.
Preloading 0 native plugins for Editor in 0.00 ms.
Mono: successfully reloaded assembly
- Completed reload, in  1.389 seconds
Platform modules already initialized, skipping
Refreshing native plugins compatible for Editor in 0.34 ms, found 0 plugins.
Preloading 0 native plugins for Editor in 0.00 ms.
Unloading 1124 Unused Serialized files (Serialized files now loaded: 0)
System memory in use before: 89.4 MB.
System memory in use after: 89.5 MB.

Unloading 5 unused Assets to reduce memory usage. Loaded Objects now: 1681.
Total: 2.425500 ms (FindLiveObjects: 0.278000 ms CreateObjectMapping: 0.091400 ms MarkObjects: 1.957300 ms  DeleteObjects: 0.096800 ms)

========================================================================
Received Prepare
Registering precompiled user dll's ...
Registered in 0.000866 seconds.
Begin MonoManager ReloadAssembly
Native extension for WindowsStandalone target not found
Refreshing native plugins compatible for Editor in 0.46 ms, found 0 plugins.
Preloading 0 native plugins for Editor in 0.00 ms.
Mono: successfully reloaded assembly
- Completed reload, in  1.322 seconds
Platform modules already initialized, skipping
Refreshing native plugins compatible for Editor in 0.49 ms, found 0 plugins.
Preloading 0 native plugins for Editor in 0.00 ms.
Unloading 1124 Unused Serialized files (Serialized files now loaded: 0)
System memory in use before: 89.4 MB.
System memory in use after: 89.5 MB.

Unloading 5 unused Assets to reduce memory usage. Loaded Objects now: 1684.
Total: 3.002700 ms (FindLiveObjects: 0.262700 ms CreateObjectMapping: 0.081400 ms MarkObjects: 2.548700 ms  DeleteObjects: 0.107900 ms)

========================================================================
Received Import Request.
  Time since last request: 3187.175371 seconds.
  path: Assets/ToonSoldiers_WW2_demo
  artifactKey: Guid(89f9191f9e3d8044eaa8e83a25456702) Importer(815301076,1909f56bfc062723c751e8b465ee728b)
Start importing Assets/ToonSoldiers_WW2_demo using Guid(89f9191f9e3d8044eaa8e83a25456702) Importer(815301076,1909f56bfc062723c751e8b465ee728b)  -> (artifact id: '06fd8d6ebb9b4fbb84cd1889307c7b69') in 0.012253 seconds
  Import took 0.035585 seconds .

========================================================================
Received Import Request.
  Time since last request: 0.063065 seconds.
  path: Assets/ToonSoldiers_WW2_demo/ToonSoldier_WW2_demo_model.prefab
  artifactKey: Guid(2599104a4a2a5214f8407d03827b5eff) Importer(815301076,1909f56bfc062723c751e8b465ee728b)
Start importing Assets/ToonSoldiers_WW2_demo/ToonSoldier_WW2_demo_model.prefab using Guid(2599104a4a2a5214f8407d03827b5eff) Importer(815301076,1909f56bfc062723c751e8b465ee728b)  -> (artifact id: 'c1829e62f3365ecfa2c1d04540f00279') in 0.069907 seconds
  Import took 0.072242 seconds .

========================================================================
Received Import Request.
  Time since last request: 3.321141 seconds.
  path: Assets/SimpleTownLite
  artifactKey: Guid(97d53688eba38524d87014b23694b828) Importer(815301076,1909f56bfc062723c751e8b465ee728b)
Start importing Assets/SimpleTownLite using Guid(97d53688eba38524d87014b23694b828) Importer(815301076,1909f56bfc062723c751e8b465ee728b)  -> (artifact id: 'fc27e5abe15e81187e14eeeb1d1b91df') in 0.007550 seconds
  Import took 0.009826 seconds .

========================================================================
Received Import Request.
  Time since last request: 1.423775 seconds.
  path: Assets/SimpleTownLite/_Models
  artifactKey: Guid(7347153fd9a6b08409d78bc0203be26b) Importer(815301076,1909f56bfc062723c751e8b465ee728b)
Start importing Assets/SimpleTownLite/_Models using Guid(7347153fd9a6b08409d78bc0203be26b) Importer(815301076,1909f56bfc062723c751e8b465ee728b)  -> (artifact id: 'f1902fd1d0a17f94c7407611fde3f191') in 0.007202 seconds
  Import took 0.009254 seconds .

========================================================================
Received Import Request.
  Time since last request: 0.066016 seconds.
  path: Assets/SimpleTownLite/_Models/apartment_large_thin_short.fbx
  artifactKey: Guid(2285374edce96c0429b698451775407c) Importer(815301076,1909f56bfc062723c751e8b465ee728b)
Start importing Assets/SimpleTownLite/_Models/apartment_large_thin_short.fbx using Guid(2285374edce96c0429b698451775407c) Importer(815301076,1909f56bfc062723c751e8b465ee728b)  -> (artifact id: '6d501e36967672e91921780cf2b4ac97') in 0.034114 seconds
  Import took 0.036030 seconds .

========================================================================
Received Import Request.
  Time since last request: 0.000298 seconds.
  path: Assets/SimpleTownLite/_Models/dumpster_mesh.fbx
  artifactKey: Guid(7269fba8d02dfd64ebfd3de23dcdd7e7) Importer(815301076,1909f56bfc062723c751e8b465ee728b)
Start importing Assets/SimpleTownLite/_Models/dumpster_mesh.fbx using Guid(7269fba8d02dfd64ebfd3de23dcdd7e7) Importer(815301076,1909f56bfc062723c751e8b465ee728b)  -> (artifact id: '05c203d3f14d91adda7f402087af5930') in 0.026246 seconds
  Import took 0.028741 seconds .

========================================================================
Received Import Request.
  Time since last request: 0.000391 seconds.
  path: Assets/SimpleTownLite/_Models/store_small_mesh.fbx
  artifactKey: Guid(4f42a997e137e964195c8a6f93b0b6e2) Importer(815301076,1909f56bfc062723c751e8b465ee728b)
Start importing Assets/SimpleTownLite/_Models/store_small_mesh.fbx using Guid(4f42a997e137e964195c8a6f93b0b6e2) Importer(815301076,1909f56bfc062723c751e8b465ee728b)  -> (artifact id: '4a56d232e5923bc67cd26d4cd9da6a95') in 0.069152 seconds
  Import took 0.071791 seconds .

========================================================================
Received Import Request.
  Time since last request: 0.000310 seconds.
  path: Assets/SimpleTownLite/_Models/road_straight_clear_mesh.fbx
  artifactKey: Guid(2b999cb613b5d1840beeff5c83961c87) Importer(815301076,1909f56bfc062723c751e8b465ee728b)
Start importing Assets/SimpleTownLite/_Models/road_straight_clear_mesh.fbx using Guid(2b999cb613b5d1840beeff5c83961c87) Importer(815301076,1909f56bfc062723c751e8b465ee728b)  -> (artifact id: 'c12a4cc9346c2b303d5102eb3458eafc') in 0.056048 seconds
  Import took 0.057987 seconds .

========================================================================
Received Import Request.
  Time since last request: 0.000278 seconds.
  path: Assets/SimpleTownLite/_Models/billboard_mesh.fbx
  artifactKey: Guid(fc48e840b8dd60143be5d6a16cee7dfb) Importer(815301076,1909f56bfc062723c751e8b465ee728b)
Start importing Assets/SimpleTownLite/_Models/billboard_mesh.fbx using Guid(fc48e840b8dd60143be5d6a16cee7dfb) Importer(815301076,1909f56bfc062723c751e8b465ee728b)  -> (artifact id: 'fb6c91b2b0ee65acc4fd479c43a304b4') in 0.016754 seconds
  Import took 0.032822 seconds .

========================================================================
Received Import Request.
  Time since last request: 0.000289 seconds.
  path: Assets/SimpleTownLite/_Models/hotdog_truck_seperate.fbx
  artifactKey: Guid(f7b6388861fcc1c4dbe6f7a784be1ca0) Importer(815301076,1909f56bfc062723c751e8b465ee728b)
Start importing Assets/SimpleTownLite/_Models/hotdog_truck_seperate.fbx using Guid(f7b6388861fcc1c4dbe6f7a784be1ca0) Importer(815301076,1909f56bfc062723c751e8b465ee728b)  -> (artifact id: 'eeff9238af4dc491dcf99ae3347bed8a') in 0.109318 seconds
  Import took 0.111409 seconds .

========================================================================
Received Import Request.
  Time since last request: 0.000293 seconds.
  path: Assets/SimpleTownLite/_Models/billboard_mesh.fbx
  artifactKey: Guid(fc48e840b8dd60143be5d6a16cee7dfb) Importer(815301076,1909f56bfc062723c751e8b465ee728b)
Start importing Assets/SimpleTownLite/_Models/billboard_mesh.fbx using Guid(fc48e840b8dd60143be5d6a16cee7dfb) Importer(815301076,1909f56bfc062723c751e8b465ee728b)  -> (artifact id: 'fb6c91b2b0ee65acc4fd479c43a304b4') in 0.012539 seconds
  Import took 0.014486 seconds .

========================================================================
Received Import Request.
  Time since last request: 0.000176 seconds.
  path: Assets/SimpleTownLite/_Models/pizza_car_seperate.fbx
  artifactKey: Guid(fdf198beaeb6dc0478fc1a23628dd236) Importer(815301076,1909f56bfc062723c751e8b465ee728b)
Start importing Assets/SimpleTownLite/_Models/pizza_car_seperate.fbx using Guid(fdf198beaeb6dc0478fc1a23628dd236) Importer(815301076,1909f56bfc062723c751e8b465ee728b)  -> (artifact id: '10803433aa3bd2a551665fc96718590b') in 0.117705 seconds
  Import took 0.120361 seconds .

========================================================================
Received Import Request.
  Time since last request: 0.000309 seconds.
  path: Assets/SimpleTownLite/_Models/pizza_shop.fbx
  artifactKey: Guid(3ec4f3de9ec32a141be201911c7dd85e) Importer(815301076,1909f56bfc062723c751e8b465ee728b)
Start importing Assets/SimpleTownLite/_Models/pizza_shop.fbx using Guid(3ec4f3de9ec32a141be201911c7dd85e) Importer(815301076,1909f56bfc062723c751e8b465ee728b)  -> (artifact id: '4d31c284a4accd80e9c5455b3b9fc560') in 0.030423 seconds
  Import took 0.032835 seconds .

========================================================================
Received Import Request.
  Time since last request: 0.000324 seconds.
  path: Assets/SimpleTownLite/_Models/road_square_mesh.fbx
  artifactKey: Guid(b2d362fe46e6ebc4386cdfce24fef3a4) Importer(815301076,1909f56bfc062723c751e8b465ee728b)
Start importing Assets/SimpleTownLite/_Models/road_square_mesh.fbx using Guid(b2d362fe46e6ebc4386cdfce24fef3a4) Importer(815301076,1909f56bfc062723c751e8b465ee728b)  -> (artifact id: '8bddec297906e6c847f8f5aec211e934') in 0.075358 seconds
  Import took 0.077299 seconds .

========================================================================
Received Import Request.
  Time since last request: 0.000279 seconds.
  path: Assets/SimpleTownLite/_Models/bin_mesh.fbx
  artifactKey: Guid(01eeea88bad69814892cc040401c06c2) Importer(815301076,1909f56bfc062723c751e8b465ee728b)
Start importing Assets/SimpleTownLite/_Models/bin_mesh.fbx using Guid(01eeea88bad69814892cc040401c06c2) Importer(815301076,1909f56bfc062723c751e8b465ee728b)  -> (artifact id: 'd744272a7428c977dbe22857a1c01ee7') in 0.017744 seconds
  Import took 0.019866 seconds .

========================================================================
Received Import Request.
  Time since last request: 0.000309 seconds.
  path: Assets/SimpleTownLite/_Models/road_straight_mesh.fbx
  artifactKey: Guid(9054c70a5c9ed454f8ef48a11963db28) Importer(815301076,1909f56bfc062723c751e8b465ee728b)
Start importing Assets/SimpleTownLite/_Models/road_straight_mesh.fbx using Guid(9054c70a5c9ed454f8ef48a11963db28) Importer(815301076,1909f56bfc062723c751e8b465ee728b)  -> (artifact id: '10168f3c7faf8cfb81c6d3545c234310') in 0.055553 seconds
  Import took 0.058223 seconds .

========================================================================
Received Import Request.
  Time since last request: 67.270593 seconds.
  path: Assets/ToonSoldiers_WW2_demo/model
  artifactKey: Guid(64fed3f25d5a2b84d8d894967f902fd3) Importer(815301076,1909f56bfc062723c751e8b465ee728b)
Start importing Assets/ToonSoldiers_WW2_demo/model using Guid(64fed3f25d5a2b84d8d894967f902fd3) Importer(815301076,1909f56bfc062723c751e8b465ee728b)  -> (artifact id: 'bfa17369e9557ff641edfec388dc12c8') in 0.008044 seconds
  Import took 0.010333 seconds .

========================================================================
Received Import Request.
  Time since last request: 0.000661 seconds.
  path: Assets/ToonSoldiers_WW2_demo/model
  artifactKey: Guid(64fed3f25d5a2b84d8d894967f902fd3) Importer(815301076,1909f56bfc062723c751e8b465ee728b)
Start importing Assets/ToonSoldiers_WW2_demo/model using Guid(64fed3f25d5a2b84d8d894967f902fd3) Importer(815301076,1909f56bfc062723c751e8b465ee728b)  -> (artifact id: 'bfa17369e9557ff641edfec388dc12c8') in 0.002089 seconds
  Import took 0.004019 seconds .

========================================================================
Received Import Request.
  Time since last request: 0.094496 seconds.
  path: Assets/ToonSoldiers_WW2_demo/model/ToonSoldier_WW2_demo.FBX
  artifactKey: Guid(f4209d51d1ad0434299f2d498ee076ba) Importer(815301076,1909f56bfc062723c751e8b465ee728b)
Start importing Assets/ToonSoldiers_WW2_demo/model/ToonSoldier_WW2_demo.FBX using Guid(f4209d51d1ad0434299f2d498ee076ba) Importer(815301076,1909f56bfc062723c751e8b465ee728b)  -> (artifact id: '8e2eb2b326ba94ac56e7a9637a44be54') in 0.025108 seconds
  Import took 0.027404 seconds .

========================================================================
Received Import Request.
  Time since last request: 6.172890 seconds.
  path: Assets/ToonSoldiers_WW2_demo/animation
  artifactKey: Guid(16ce98014c103bd45985b6933839c534) Importer(815301076,1909f56bfc062723c751e8b465ee728b)
Start importing Assets/ToonSoldiers_WW2_demo/animation using Guid(16ce98014c103bd45985b6933839c534) Importer(815301076,1909f56bfc062723c751e8b465ee728b)  -> (artifact id: 'f45059ee0582c93e80af94d49b3ce19c') in 0.008157 seconds
  Import took 0.010745 seconds .

========================================================================
Received Import Request.
  Time since last request: 0.001377 seconds.
  path: Assets/ToonSoldiers_WW2_demo/animation
  artifactKey: Guid(16ce98014c103bd45985b6933839c534) Importer(815301076,1909f56bfc062723c751e8b465ee728b)
Start importing Assets/ToonSoldiers_WW2_demo/animation using Guid(16ce98014c103bd45985b6933839c534) Importer(815301076,1909f56bfc062723c751e8b465ee728b)  -> (artifact id: 'f45059ee0582c93e80af94d49b3ce19c') in 0.002095 seconds
  Import took 0.004057 seconds .

========================================================================
Received Import Request.
  Time since last request: 0.623159 seconds.
  path: Assets/ToonSoldiers_WW2_demo/animation/infantry_combat_idle.FBX
  artifactKey: Guid(e9fa0cd70df4a414ea410a82fba042e6) Importer(815301076,1909f56bfc062723c751e8b465ee728b)
Start importing Assets/ToonSoldiers_WW2_demo/animation/infantry_combat_idle.FBX using Guid(e9fa0cd70df4a414ea410a82fba042e6) Importer(815301076,1909f56bfc062723c751e8b465ee728b)  -> (artifact id: '9463422010bc8998c5e44d43f966f657') in 0.008675 seconds
  Import took 0.025294 seconds .

========================================================================
Received Import Request.
  Time since last request: 0.000290 seconds.
  path: Assets/ToonSoldiers_WW2_demo/animation/infantry_guard_idle.FBX
  artifactKey: Guid(7bcace7ca6b12164f8b28ca4805d4c34) Importer(815301076,1909f56bfc062723c751e8b465ee728b)
Start importing Assets/ToonSoldiers_WW2_demo/animation/infantry_guard_idle.FBX using Guid(7bcace7ca6b12164f8b28ca4805d4c34) Importer(815301076,1909f56bfc062723c751e8b465ee728b)  -> (artifact id: 'a6fa3c2d98a5bf950d5b2b1f7a02424e') in 0.008619 seconds
  Import took 0.023348 seconds .

========================================================================
Received Import Request.
  Time since last request: 0.000307 seconds.
  path: Assets/ToonSoldiers_WW2_demo/animation/infantry_combat_run.FBX
  artifactKey: Guid(adde12196c137914ebee8cac80b7dddb) Importer(815301076,1909f56bfc062723c751e8b465ee728b)
Start importing Assets/ToonSoldiers_WW2_demo/animation/infantry_combat_run.FBX using Guid(adde12196c137914ebee8cac80b7dddb) Importer(815301076,1909f56bfc062723c751e8b465ee728b)  -> (artifact id: '4150dd0906961ab1e7548761fbf26ad5') in 0.010033 seconds
  Import took 0.012134 seconds .

========================================================================
Received Import Request.
  Time since last request: 0.000310 seconds.
  path: Assets/ToonSoldiers_WW2_demo/animation/infantry_combat_shoot.FBX
  artifactKey: Guid(f82df825e9d95914186355593096f25e) Importer(815301076,1909f56bfc062723c751e8b465ee728b)
Start importing Assets/ToonSoldiers_WW2_demo/animation/infantry_combat_shoot.FBX using Guid(f82df825e9d95914186355593096f25e) Importer(815301076,1909f56bfc062723c751e8b465ee728b)  -> (artifact id: 'a95ae7f82fb1b9074e4f363a19eb6ad6') in 0.009542 seconds
  Import took 0.011544 seconds .

========================================================================
Received Import Request.
  Time since last request: 0.019837 seconds.
  path: Assets/ToonSoldiers_WW2_demo/animation/infantry_combat_shoot.FBX
  artifactKey: Guid(f82df825e9d95914186355593096f25e) Importer(815301076,1909f56bfc062723c751e8b465ee728b)
Start importing Assets/ToonSoldiers_WW2_demo/animation/infantry_combat_shoot.FBX using Guid(f82df825e9d95914186355593096f25e) Importer(815301076,1909f56bfc062723c751e8b465ee728b)  -> (artifact id: 'a95ae7f82fb1b9074e4f363a19eb6ad6') in 0.004850 seconds
  Import took 0.007388 seconds .

========================================================================
Received Import Request.
  Time since last request: 145.238540 seconds.
  path: Assets/ToonSoldiers_WW2_demo/model/Materials
  artifactKey: Guid(214804ec6855201498c61971d329f313) Importer(815301076,1909f56bfc062723c751e8b465ee728b)
Start importing Assets/ToonSoldiers_WW2_demo/model/Materials using Guid(214804ec6855201498c61971d329f313) Importer(815301076,1909f56bfc062723c751e8b465ee728b)  -> (artifact id: 'f191aa576d073e0346e9ce975e20fb6b') in 0.002784 seconds
  Import took 0.005416 seconds .

========================================================================
Received Import Request.
  Time since last request: 0.118325 seconds.
  path: Assets/ToonSoldiers_WW2_demo/model/Materials/US_soldier_simple.mat
  artifactKey: Guid(1dcd4ea457239f049875b7a7c8f9509e) Importer(815301076,1909f56bfc062723c751e8b465ee728b)
Start importing Assets/ToonSoldiers_WW2_demo/model/Materials/US_soldier_simple.mat using Guid(1dcd4ea457239f049875b7a7c8f9509e) Importer(815301076,1909f56bfc062723c751e8b465ee728b)  -> (artifact id: 'd7c358519cdef0ebfe78176b4ec99a65') in 0.026569 seconds
  Import took 0.029722 seconds .

========================================================================
Received Import Request.
  Time since last request: 0.000251 seconds.
  path: Assets/ToonSoldiers_WW2_demo/model/Materials/US_soldier_simple.tga
  artifactKey: Guid(66cd8936bbd41e74a8a632853271d963) Importer(815301076,1909f56bfc062723c751e8b465ee728b)
Start importing Assets/ToonSoldiers_WW2_demo/model/Materials/US_soldier_simple.tga using Guid(66cd8936bbd41e74a8a632853271d963) Importer(815301076,1909f56bfc062723c751e8b465ee728b)  -> (artifact id: 'dd522543d7927b7bca5ce1e665b111bd') in 0.017107 seconds
  Import took 0.019183 seconds .

========================================================================
Received Prepare
Registering precompiled user dll's ...
Registered in 0.000614 seconds.
Begin MonoManager ReloadAssembly
Native extension for WindowsStandalone target not found
Refreshing native plugins compatible for Editor in 0.26 ms, found 0 plugins.
Preloading 0 native plugins for Editor in 0.00 ms.
Mono: successfully reloaded assembly
- Completed reload, in  0.783 seconds
Platform modules already initialized, skipping
Refreshing native plugins compatible for Editor in 0.26 ms, found 0 plugins.
Preloading 0 native plugins for Editor in 0.00 ms.
Unloading 1124 Unused Serialized files (Serialized files now loaded: 0)
System memory in use before: 89.5 MB.
System memory in use after: 89.6 MB.

Unloading 6 unused Assets to reduce memory usage. Loaded Objects now: 1689.
Total: 2.617100 ms (FindLiveObjects: 0.516300 ms CreateObjectMapping: 0.082500 ms MarkObjects: 1.933000 ms  DeleteObjects: 0.083700 ms)

========================================================================
Received Import Request.
  Time since last request: 142.935352 seconds.
  path: Assets/EnemyTwo.anim
  artifactKey: Guid(d38359475a483d046ac7819ddb177edd) Importer(815301076,1909f56bfc062723c751e8b465ee728b)
Start importing Assets/EnemyTwo.anim using Guid(d38359475a483d046ac7819ddb177edd) Importer(815301076,1909f56bfc062723c751e8b465ee728b)  -> (artifact id: '5bca810d04830e2a8ce71e1ccd4cbe61') in 0.019014 seconds
  Import took 0.021459 seconds .

========================================================================
Received Import Request.
  Time since last request: 57.299236 seconds.
  path: Assets/EnemyTwo.controller
  artifactKey: Guid(f350bd08dbee90746a118ed622c788f8) Importer(815301076,1909f56bfc062723c751e8b465ee728b)
Start importing Assets/EnemyTwo.controller using Guid(f350bd08dbee90746a118ed622c788f8) Importer(815301076,1909f56bfc062723c751e8b465ee728b)  -> (artifact id: 'e32f48dd2dc84d5cc0227510d86fc501') in 0.005141 seconds
  Import took 0.007394 seconds .

========================================================================
Received Prepare
Registering precompiled user dll's ...
Registered in 0.000657 seconds.
Begin MonoManager ReloadAssembly
Native extension for WindowsStandalone target not found
Refreshing native plugins compatible for Editor in 0.25 ms, found 0 plugins.
Preloading 0 native plugins for Editor in 0.00 ms.
Mono: successfully reloaded assembly
- Completed reload, in  0.821 seconds
Platform modules already initialized, skipping
Refreshing native plugins compatible for Editor in 0.27 ms, found 0 plugins.
Preloading 0 native plugins for Editor in 0.00 ms.
Unloading 1124 Unused Serialized files (Serialized files now loaded: 0)
System memory in use before: 89.5 MB.
System memory in use after: 89.6 MB.

Unloading 5 unused Assets to reduce memory usage. Loaded Objects now: 1692.
Total: 2.767300 ms (FindLiveObjects: 0.231300 ms CreateObjectMapping: 0.060700 ms MarkObjects: 2.397500 ms  DeleteObjects: 0.076600 ms)

========================================================================
Received Prepare
Registering precompiled user dll's ...
Registered in 0.000937 seconds.
Begin MonoManager ReloadAssembly
Native extension for WindowsStandalone target not found
Refreshing native plugins compatible for Editor in 0.31 ms, found 0 plugins.
Preloading 0 native plugins for Editor in 0.00 ms.
Mono: successfully reloaded assembly
- Completed reload, in  0.758 seconds
Platform modules already initialized, skipping
Refreshing native plugins compatible for Editor in 0.28 ms, found 0 plugins.
Preloading 0 native plugins for Editor in 0.00 ms.
Unloading 1124 Unused Serialized files (Serialized files now loaded: 0)
System memory in use before: 89.5 MB.
System memory in use after: 89.6 MB.

Unloading 5 unused Assets to reduce memory usage. Loaded Objects now: 1695.
Total: 2.142700 ms (FindLiveObjects: 0.189700 ms CreateObjectMapping: 0.038700 ms MarkObjects: 1.835000 ms  DeleteObjects: 0.078000 ms)

========================================================================
Received Prepare
Registering precompiled user dll's ...
Registered in 0.000698 seconds.
Begin MonoManager ReloadAssembly
Native extension for WindowsStandalone target not found
Refreshing native plugins compatible for Editor in 0.33 ms, found 0 plugins.
Preloading 0 native plugins for Editor in 0.00 ms.
Mono: successfully reloaded assembly
- Completed reload, in  0.780 seconds
Platform modules already initialized, skipping
Refreshing native plugins compatible for Editor in 0.29 ms, found 0 plugins.
Preloading 0 native plugins for Editor in 0.00 ms.
Unloading 1124 Unused Serialized files (Serialized files now loaded: 0)
System memory in use before: 89.5 MB.
System memory in use after: 89.6 MB.

Unloading 5 unused Assets to reduce memory usage. Loaded Objects now: 1698.
Total: 1.905000 ms (FindLiveObjects: 0.138400 ms CreateObjectMapping: 0.031000 ms MarkObjects: 1.663400 ms  DeleteObjects: 0.071100 ms)

========================================================================
Received Prepare
Registering precompiled user dll's ...
Registered in 0.001103 seconds.
Begin MonoManager ReloadAssembly
Native extension for WindowsStandalone target not found
Refreshing native plugins compatible for Editor in 0.24 ms, found 0 plugins.
Preloading 0 native plugins for Editor in 0.00 ms.
Mono: successfully reloaded assembly
- Completed reload, in  0.809 seconds
Platform modules already initialized, skipping
Refreshing native plugins compatible for Editor in 0.25 ms, found 0 plugins.
Preloading 0 native plugins for Editor in 0.00 ms.
Unloading 1124 Unused Serialized files (Serialized files now loaded: 0)
System memory in use before: 89.5 MB.
System memory in use after: 89.6 MB.

Unloading 5 unused Assets to reduce memory usage. Loaded Objects now: 1701.
Total: 2.378300 ms (FindLiveObjects: 0.204700 ms CreateObjectMapping: 0.048300 ms MarkObjects: 2.047600 ms  DeleteObjects: 0.076700 ms)

========================================================================
Received Prepare
Registering precompiled user dll's ...
Registered in 0.000630 seconds.
Begin MonoManager ReloadAssembly
Native extension for WindowsStandalone target not found
Refreshing native plugins compatible for Editor in 0.23 ms, found 0 plugins.
Preloading 0 native plugins for Editor in 0.00 ms.
Mono: successfully reloaded assembly
- Completed reload, in  0.815 seconds
Platform modules already initialized, skipping
Refreshing native plugins compatible for Editor in 0.28 ms, found 0 plugins.
Preloading 0 native plugins for Editor in 0.00 ms.
Unloading 1124 Unused Serialized files (Serialized files now loaded: 0)
System memory in use before: 89.6 MB.
System memory in use after: 89.6 MB.

Unloading 5 unused Assets to reduce memory usage. Loaded Objects now: 1704.
Total: 2.613000 ms (FindLiveObjects: 0.310200 ms CreateObjectMapping: 0.110800 ms MarkObjects: 2.082200 ms  DeleteObjects: 0.108400 ms)

========================================================================
Received Prepare
Registering precompiled user dll's ...
Registered in 0.000627 seconds.
Begin MonoManager ReloadAssembly
Native extension for WindowsStandalone target not found
Refreshing native plugins compatible for Editor in 0.26 ms, found 0 plugins.
Preloading 0 native plugins for Editor in 0.00 ms.
Mono: successfully reloaded assembly
- Completed reload, in  0.798 seconds
Platform modules already initialized, skipping
Refreshing native plugins compatible for Editor in 0.23 ms, found 0 plugins.
Preloading 0 native plugins for Editor in 0.00 ms.
Unloading 1124 Unused Serialized files (Serialized files now loaded: 0)
System memory in use before: 89.6 MB.
System memory in use after: 89.6 MB.

Unloading 5 unused Assets to reduce memory usage. Loaded Objects now: 1707.
Total: 2.255600 ms (FindLiveObjects: 0.256100 ms CreateObjectMapping: 0.076000 ms MarkObjects: 1.852700 ms  DeleteObjects: 0.069500 ms)

========================================================================
Received Prepare
Registering precompiled user dll's ...
Registered in 0.000646 seconds.
Begin MonoManager ReloadAssembly
Native extension for WindowsStandalone target not found
Refreshing native plugins compatible for Editor in 0.43 ms, found 0 plugins.
Preloading 0 native plugins for Editor in 0.00 ms.
Mono: successfully reloaded assembly
- Completed reload, in  0.801 seconds
Platform modules already initialized, skipping
Refreshing native plugins compatible for Editor in 0.28 ms, found 0 plugins.
Preloading 0 native plugins for Editor in 0.00 ms.
Unloading 1124 Unused Serialized files (Serialized files now loaded: 0)
System memory in use before: 89.6 MB.
System memory in use after: 89.6 MB.

Unloading 5 unused Assets to reduce memory usage. Loaded Objects now: 1710.
Total: 1.777700 ms (FindLiveObjects: 0.125900 ms CreateObjectMapping: 0.029400 ms MarkObjects: 1.557300 ms  DeleteObjects: 0.063700 ms)

========================================================================
Received Prepare
Registering precompiled user dll's ...
Registered in 0.000619 seconds.
Begin MonoManager ReloadAssembly
Native extension for WindowsStandalone target not found
Refreshing native plugins compatible for Editor in 0.26 ms, found 0 plugins.
Preloading 0 native plugins for Editor in 0.00 ms.
Mono: successfully reloaded assembly
- Completed reload, in  0.776 seconds
Platform modules already initialized, skipping
Refreshing native plugins compatible for Editor in 0.27 ms, found 0 plugins.
Preloading 0 native plugins for Editor in 0.00 ms.
Unloading 1124 Unused Serialized files (Serialized files now loaded: 0)
System memory in use before: 89.6 MB.
System memory in use after: 89.6 MB.

Unloading 5 unused Assets to reduce memory usage. Loaded Objects now: 1713.
Total: 1.895400 ms (FindLiveObjects: 0.141100 ms CreateObjectMapping: 0.030700 ms MarkObjects: 1.615500 ms  DeleteObjects: 0.106900 ms)

========================================================================
Received Prepare
Registering precompiled user dll's ...
Registered in 0.000688 seconds.
Begin MonoManager ReloadAssembly
Native extension for WindowsStandalone target not found
Refreshing native plugins compatible for Editor in 0.26 ms, found 0 plugins.
Preloading 0 native plugins for Editor in 0.00 ms.
Mono: successfully reloaded assembly
- Completed reload, in  0.818 seconds
Platform modules already initialized, skipping
Refreshing native plugins compatible for Editor in 0.25 ms, found 0 plugins.
Preloading 0 native plugins for Editor in 0.00 ms.
Unloading 1124 Unused Serialized files (Serialized files now loaded: 0)
System memory in use before: 89.6 MB.
System memory in use after: 89.7 MB.

Unloading 5 unused Assets to reduce memory usage. Loaded Objects now: 1716.
Total: 2.019100 ms (FindLiveObjects: 0.157100 ms CreateObjectMapping: 0.037000 ms MarkObjects: 1.757900 ms  DeleteObjects: 0.066000 ms)

========================================================================
Received Prepare
Registering precompiled user dll's ...
Registered in 0.000673 seconds.
Begin MonoManager ReloadAssembly
Native extension for WindowsStandalone target not found
Refreshing native plugins compatible for Editor in 0.24 ms, found 0 plugins.
Preloading 0 native plugins for Editor in 0.00 ms.
Mono: successfully reloaded assembly
- Completed reload, in  0.819 seconds
Platform modules already initialized, skipping
Refreshing native plugins compatible for Editor in 0.24 ms, found 0 plugins.
Preloading 0 native plugins for Editor in 0.00 ms.
Unloading 1124 Unused Serialized files (Serialized files now loaded: 0)
System memory in use before: 89.6 MB.
System memory in use after: 89.7 MB.

Unloading 5 unused Assets to reduce memory usage. Loaded Objects now: 1719.
Total: 2.001700 ms (FindLiveObjects: 0.159300 ms CreateObjectMapping: 0.036400 ms MarkObjects: 1.725700 ms  DeleteObjects: 0.078900 ms)

========================================================================
Received Prepare
Registering precompiled user dll's ...
Registered in 0.000942 seconds.
Begin MonoManager ReloadAssembly
Native extension for WindowsStandalone target not found
Refreshing native plugins compatible for Editor in 0.25 ms, found 0 plugins.
Preloading 0 native plugins for Editor in 0.00 ms.
Mono: successfully reloaded assembly
- Completed reload, in  0.816 seconds
Platform modules already initialized, skipping
Refreshing native plugins compatible for Editor in 0.25 ms, found 0 plugins.
Preloading 0 native plugins for Editor in 0.00 ms.
Unloading 1124 Unused Serialized files (Serialized files now loaded: 0)
System memory in use before: 89.6 MB.
System memory in use after: 89.7 MB.

Unloading 5 unused Assets to reduce memory usage. Loaded Objects now: 1722.
Total: 1.810800 ms (FindLiveObjects: 0.230000 ms CreateObjectMapping: 0.069600 ms MarkObjects: 1.435900 ms  DeleteObjects: 0.074000 ms)

========================================================================
Received Import Request.
  Time since last request: 1501.928553 seconds.
  path: Assets/Scripts/EnemyDestroy.cs
  artifactKey: Guid(ab24033730082bd43af2fbf42dbcdcf7) Importer(815301076,1909f56bfc062723c751e8b465ee728b)
Start importing Assets/Scripts/EnemyDestroy.cs using Guid(ab24033730082bd43af2fbf42dbcdcf7) Importer(815301076,1909f56bfc062723c751e8b465ee728b)  -> (artifact id: 'ad73f59f403499afcb8c08cf1e7da26e') in 0.007470 seconds
  Import took 0.009655 seconds .

========================================================================
Received Prepare
Registering precompiled user dll's ...
Registered in 0.000762 seconds.
Begin MonoManager ReloadAssembly
Native extension for WindowsStandalone target not found
Refreshing native plugins compatible for Editor in 0.30 ms, found 0 plugins.
Preloading 0 native plugins for Editor in 0.00 ms.
Mono: successfully reloaded assembly
- Completed reload, in  0.833 seconds
Platform modules already initialized, skipping
Refreshing native plugins compatible for Editor in 0.25 ms, found 0 plugins.
Preloading 0 native plugins for Editor in 0.00 ms.
Unloading 1124 Unused Serialized files (Serialized files now loaded: 0)
System memory in use before: 89.6 MB.
System memory in use after: 89.6 MB.

Unloading 5 unused Assets to reduce memory usage. Loaded Objects now: 1725.
Total: 2.147100 ms (FindLiveObjects: 0.197700 ms CreateObjectMapping: 0.041000 ms MarkObjects: 1.827500 ms  DeleteObjects: 0.079700 ms)

========================================================================
Received Prepare
Registering precompiled user dll's ...
Registered in 0.000718 seconds.
Begin MonoManager ReloadAssembly
Native extension for WindowsStandalone target not found
Refreshing native plugins compatible for Editor in 0.26 ms, found 0 plugins.
Preloading 0 native plugins for Editor in 0.00 ms.
Mono: successfully reloaded assembly
- Completed reload, in  0.758 seconds
Platform modules already initialized, skipping
Refreshing native plugins compatible for Editor in 0.28 ms, found 0 plugins.
Preloading 0 native plugins for Editor in 0.00 ms.
Unloading 1124 Unused Serialized files (Serialized files now loaded: 0)
System memory in use before: 89.6 MB.
System memory in use after: 89.6 MB.

Unloading 5 unused Assets to reduce memory usage. Loaded Objects now: 1728.
Total: 2.886900 ms (FindLiveObjects: 0.251200 ms CreateObjectMapping: 0.066100 ms MarkObjects: 2.435900 ms  DeleteObjects: 0.131900 ms)

========================================================================
Received Prepare
Registering precompiled user dll's ...
Registered in 0.000717 seconds.
Begin MonoManager ReloadAssembly
Native extension for WindowsStandalone target not found
Refreshing native plugins compatible for Editor in 0.26 ms, found 0 plugins.
Preloading 0 native plugins for Editor in 0.00 ms.
Mono: successfully reloaded assembly
- Completed reload, in  0.812 seconds
Platform modules already initialized, skipping
Refreshing native plugins compatible for Editor in 0.24 ms, found 0 plugins.
Preloading 0 native plugins for Editor in 0.00 ms.
Unloading 1124 Unused Serialized files (Serialized files now loaded: 0)
System memory in use before: 89.6 MB.
System memory in use after: 89.7 MB.

Unloading 5 unused Assets to reduce memory usage. Loaded Objects now: 1731.
Total: 2.317200 ms (FindLiveObjects: 0.476500 ms CreateObjectMapping: 0.104200 ms MarkObjects: 1.648500 ms  DeleteObjects: 0.086800 ms)

========================================================================
Received Prepare
Registering precompiled user dll's ...
Registered in 0.000635 seconds.
Begin MonoManager ReloadAssembly
Native extension for WindowsStandalone target not found
Refreshing native plugins compatible for Editor in 0.23 ms, found 0 plugins.
Preloading 0 native plugins for Editor in 0.00 ms.
Mono: successfully reloaded assembly
- Completed reload, in  0.790 seconds
Platform modules already initialized, skipping
Refreshing native plugins compatible for Editor in 0.27 ms, found 0 plugins.
Preloading 0 native plugins for Editor in 0.00 ms.
Unloading 1124 Unused Serialized files (Serialized files now loaded: 0)
System memory in use before: 89.6 MB.
System memory in use after: 89.7 MB.

Unloading 5 unused Assets to reduce memory usage. Loaded Objects now: 1734.
Total: 1.827700 ms (FindLiveObjects: 0.129800 ms CreateObjectMapping: 0.031300 ms MarkObjects: 1.595300 ms  DeleteObjects: 0.070500 ms)

========================================================================
Received Import Request.
  Time since last request: 1941.124883 seconds.
  path: Assets/Scripts/EnemyDestroy.cs
  artifactKey: Guid(ab24033730082bd43af2fbf42dbcdcf7) Importer(815301076,1909f56bfc062723c751e8b465ee728b)
Start importing Assets/Scripts/EnemyDestroy.cs using Guid(ab24033730082bd43af2fbf42dbcdcf7) Importer(815301076,1909f56bfc062723c751e8b465ee728b)  -> (artifact id: 'd29743534029828302c0f85f9c58c895') in 0.005229 seconds
  Import took 0.007608 seconds .

========================================================================
Received Import Request.
  Time since last request: 0.000830 seconds.
  path: Assets/Scripts/EnemyDestroy.cs
  artifactKey: Guid(ab24033730082bd43af2fbf42dbcdcf7) Importer(815301076,1909f56bfc062723c751e8b465ee728b)
Start importing Assets/Scripts/EnemyDestroy.cs using Guid(ab24033730082bd43af2fbf42dbcdcf7) Importer(815301076,1909f56bfc062723c751e8b465ee728b)  -> (artifact id: 'd29743534029828302c0f85f9c58c895') in 0.002848 seconds
  Import took 0.004875 seconds .

========================================================================
Received Import Request.
  Time since last request: 15.621022 seconds.
  path: Assets/Scripts/ScoreScript.cs
  artifactKey: Guid(c6668cdee313cee498757ef865c14063) Importer(815301076,1909f56bfc062723c751e8b465ee728b)
Start importing Assets/Scripts/ScoreScript.cs using Guid(c6668cdee313cee498757ef865c14063) Importer(815301076,1909f56bfc062723c751e8b465ee728b)  -> (artifact id: '80c8623e49132cacba21f787fc00f7af') in 0.006263 seconds
  Import took 0.008389 seconds .

========================================================================
Received Prepare
Registering precompiled user dll's ...
Registered in 0.000886 seconds.
Begin MonoManager ReloadAssembly
Native extension for WindowsStandalone target not found
Refreshing native plugins compatible for Editor in 0.50 ms, found 0 plugins.
Preloading 0 native plugins for Editor in 0.00 ms.
Mono: successfully reloaded assembly
- Completed reload, in  0.831 seconds
Platform modules already initialized, skipping
Refreshing native plugins compatible for Editor in 0.23 ms, found 0 plugins.
Preloading 0 native plugins for Editor in 0.00 ms.
Unloading 1125 Unused Serialized files (Serialized files now loaded: 0)
System memory in use before: 89.6 MB.
System memory in use after: 89.7 MB.

Unloading 5 unused Assets to reduce memory usage. Loaded Objects now: 1738.
Total: 1.844400 ms (FindLiveObjects: 0.142500 ms CreateObjectMapping: 0.034500 ms MarkObjects: 1.588500 ms  DeleteObjects: 0.077900 ms)

========================================================================
Received Prepare
Registering precompiled user dll's ...
Registered in 0.000754 seconds.
Begin MonoManager ReloadAssembly
Native extension for WindowsStandalone target not found
Refreshing native plugins compatible for Editor in 0.23 ms, found 0 plugins.
Preloading 0 native plugins for Editor in 0.00 ms.
Mono: successfully reloaded assembly
- Completed reload, in  0.807 seconds
Platform modules already initialized, skipping
Refreshing native plugins compatible for Editor in 0.27 ms, found 0 plugins.
Preloading 0 native plugins for Editor in 0.00 ms.
Unloading 1125 Unused Serialized files (Serialized files now loaded: 0)
System memory in use before: 89.6 MB.
System memory in use after: 89.7 MB.

Unloading 5 unused Assets to reduce memory usage. Loaded Objects now: 1741.
Total: 2.302000 ms (FindLiveObjects: 0.381900 ms CreateObjectMapping: 0.084800 ms MarkObjects: 1.759200 ms  DeleteObjects: 0.075000 ms)

========================================================================
Received Import Request.
  Time since last request: 286.817294 seconds.
  path: Assets/Scripts/ScoreScript.cs
  artifactKey: Guid(c6668cdee313cee498757ef865c14063) Importer(815301076,1909f56bfc062723c751e8b465ee728b)
Start importing Assets/Scripts/ScoreScript.cs using Guid(c6668cdee313cee498757ef865c14063) Importer(815301076,1909f56bfc062723c751e8b465ee728b)  -> (artifact id: '9ed5fb26d852b1622f118a28223be6e6') in 0.003889 seconds
  Import took 0.005720 seconds .

========================================================================
Received Prepare
Registering precompiled user dll's ...
Registered in 0.000648 seconds.
Begin MonoManager ReloadAssembly
Native extension for WindowsStandalone target not found
Refreshing native plugins compatible for Editor in 0.34 ms, found 0 plugins.
Preloading 0 native plugins for Editor in 0.00 ms.
Mono: successfully reloaded assembly
- Completed reload, in  0.802 seconds
Platform modules already initialized, skipping
Refreshing native plugins compatible for Editor in 0.24 ms, found 0 plugins.
Preloading 0 native plugins for Editor in 0.00 ms.
Unloading 1125 Unused Serialized files (Serialized files now loaded: 0)
System memory in use before: 89.6 MB.
System memory in use after: 89.7 MB.

Unloading 5 unused Assets to reduce memory usage. Loaded Objects now: 1744.
Total: 1.874300 ms (FindLiveObjects: 0.137400 ms CreateObjectMapping: 0.034200 ms MarkObjects: 1.631600 ms  DeleteObjects: 0.070300 ms)

========================================================================
Received Import Request.
  Time since last request: 98.053288 seconds.
  path: Assets/Scripts/ScoreScript.cs
  artifactKey: Guid(c6668cdee313cee498757ef865c14063) Importer(815301076,1909f56bfc062723c751e8b465ee728b)
Start importing Assets/Scripts/ScoreScript.cs using Guid(c6668cdee313cee498757ef865c14063) Importer(815301076,1909f56bfc062723c751e8b465ee728b)  -> (artifact id: '995afe236acc88b59dfbdd117d996ba1') in 0.003556 seconds
  Import took 0.005616 seconds .

========================================================================
Received Prepare
Registering precompiled user dll's ...
Registered in 0.000669 seconds.
Begin MonoManager ReloadAssembly
Native extension for WindowsStandalone target not found
Refreshing native plugins compatible for Editor in 0.37 ms, found 0 plugins.
Preloading 0 native plugins for Editor in 0.00 ms.
Mono: successfully reloaded assembly
- Completed reload, in  0.820 seconds
Platform modules already initialized, skipping
Refreshing native plugins compatible for Editor in 0.24 ms, found 0 plugins.
Preloading 0 native plugins for Editor in 0.00 ms.
Unloading 1125 Unused Serialized files (Serialized files now loaded: 0)
System memory in use before: 89.6 MB.
System memory in use after: 89.7 MB.

Unloading 5 unused Assets to reduce memory usage. Loaded Objects now: 1747.
Total: 2.363800 ms (FindLiveObjects: 0.572700 ms CreateObjectMapping: 0.118400 ms MarkObjects: 1.583400 ms  DeleteObjects: 0.087900 ms)

========================================================================
Received Prepare
Registering precompiled user dll's ...
Registered in 0.000634 seconds.
Begin MonoManager ReloadAssembly
Native extension for WindowsStandalone target not found
Refreshing native plugins compatible for Editor in 0.34 ms, found 0 plugins.
Preloading 0 native plugins for Editor in 0.00 ms.
Mono: successfully reloaded assembly
- Completed reload, in  0.792 seconds
Platform modules already initialized, skipping
Refreshing native plugins compatible for Editor in 0.25 ms, found 0 plugins.
Preloading 0 native plugins for Editor in 0.00 ms.
Unloading 1125 Unused Serialized files (Serialized files now loaded: 0)
System memory in use before: 89.6 MB.
System memory in use after: 89.7 MB.

Unloading 5 unused Assets to reduce memory usage. Loaded Objects now: 1750.
Total: 2.167100 ms (FindLiveObjects: 0.163200 ms CreateObjectMapping: 0.040900 ms MarkObjects: 1.880400 ms  DeleteObjects: 0.081100 ms)

========================================================================
Received Import Request.
  Time since last request: 172.739025 seconds.
  path: Assets/Scenes/Level-1.unity
  artifactKey: Guid(9fc0d4010bbf28b4594072e72b8655ab) Importer(815301076,1909f56bfc062723c751e8b465ee728b)
Start importing Assets/Scenes/Level-1.unity using Guid(9fc0d4010bbf28b4594072e72b8655ab) Importer(815301076,1909f56bfc062723c751e8b465ee728b)  -> (artifact id: '570c642e1e4de4417eea54b4063190ba') in 0.014781 seconds
  Import took 0.017718 seconds .

========================================================================
Received Prepare
Registering precompiled user dll's ...
Registered in 0.000862 seconds.
Begin MonoManager ReloadAssembly
Native extension for WindowsStandalone target not found
Refreshing native plugins compatible for Editor in 0.28 ms, found 0 plugins.
Preloading 0 native plugins for Editor in 0.00 ms.
Mono: successfully reloaded assembly
- Completed reload, in  0.742 seconds
Platform modules already initialized, skipping
Refreshing native plugins compatible for Editor in 0.27 ms, found 0 plugins.
Preloading 0 native plugins for Editor in 0.00 ms.
Unloading 1125 Unused Serialized files (Serialized files now loaded: 0)
System memory in use before: 89.6 MB.
System memory in use after: 89.7 MB.

Unloading 5 unused Assets to reduce memory usage. Loaded Objects now: 1753.
Total: 2.192200 ms (FindLiveObjects: 0.242800 ms CreateObjectMapping: 0.081400 ms MarkObjects: 1.775900 ms  DeleteObjects: 0.072700 ms)

